<testsuites id="" name="" tests="19" failures="6" skipped="0" errors="0" time="64.45845500000007">
<testsuite name="tests\Backend\loginBackEnd.spec.ts" timestamp="2026-05-19T12:11:46.968Z" hostname="chromium" tests="3" failures="1" skipped="0" time="3.027" errors="0">
<testcase name="API com paralelo › Login correto" classname="tests\Backend\loginBackEnd.spec.ts" time="1.087">
<system-out>
<![CDATA[Login correto, status:  [33m200[39m
]]>
</system-out>
</testcase>
<testcase name="API com paralelo › Backend erro no login" classname="tests\Backend\loginBackEnd.spec.ts" time="0.945">
</testcase>
<testcase name="API com paralelo › Backend erro no usuário do login" classname="tests\Backend\loginBackEnd.spec.ts" time="0.995">
<system-out>
<![CDATA[
[[ATTACHMENT|test-results\tests-Backend-loginBackEnd-bd168-nd-erro-no-usuário-do-login-chromium\error-context.md]]
]]>
</system-out>
<failure message="expect(received).toBe(expected) // Object.is equality" type="expect.toBe">
<![CDATA[  [chromium] › tests\Backend\loginBackEnd.spec.ts:31:9 › API com paralelo › Backend erro no usuário do login 

    Error: expect(received).toBe(expected) // Object.is equality

    Expected: 200
    Received: 404

      40 |
      41 |   // Verify the login was successful (e.g., 200 OK or 302 Redirect, depending on your backend)
    > 42 |   expect(response.status()).toBe(200);
         |                             ^
      43 | });
      44 |
      45 |     });
        at C:\Users\013772631\Downloads\ecm-qa-test-main\tests\Backend\loginBackEnd.spec.ts:42:29

    Error Context: test-results\tests-Backend-loginBackEnd-bd168-nd-erro-no-usuário-do-login-chromium\error-context.md
]]>
</failure>
</testcase>
</testsuite>
<testsuite name="tests\FrontEnd\checkout.spec.ts" timestamp="2026-05-19T12:11:46.968Z" hostname="chromium" tests="4" failures="2" skipped="0" time="10.186" errors="0">
<testcase name="checkout › Checkout Responsivo" classname="tests\FrontEnd\checkout.spec.ts" time="4.006">
<system-out>
<![CDATA[É responsivo! 

]]>
</system-out>
</testcase>
<testcase name="checkout › Menu" classname="tests\FrontEnd\checkout.spec.ts" time="3.037">
<system-out>
<![CDATA[Todas as páginas estão funcionando! 

]]>
</system-out>
</testcase>
<testcase name="checkout › cheout Authenticated" classname="tests\FrontEnd\checkout.spec.ts" time="1.712">
<system-out>
<![CDATA[Menssage recebida: 
  

[[ATTACHMENT|test-results\tests-FrontEnd-checkout-checkout-cheout-Authenticated-chromium\error-context.md]]
]]>
</system-out>
<failure message="expect(received).toBe(expected) // Object.is equality" type="expect.toBe">
<![CDATA[  [chromium] › tests\FrontEnd\checkout.spec.ts:33:9 › checkout › cheout Authenticated ──────────────

    Error: expect(received).toBe(expected) // Object.is equality

    Expected: "Login successful"
    Received: ""

       at app\Comum\Login\login.ts:23

      21 |         const tempo = await page.locator('#msg').innerText({timeout:600});
      22 |         console.log('Menssage recebida: \n ', tempo)
    > 23 |         await expect(tempo).toBe('Login successful');
         |                             ^
      24 |         //await page.locator('#btnLogin').click();
      25 |         await page.screenshot({path: "Evidencias/login/LoginProductsCorreto.png"});
      26 |     }
        at realizarLogin (C:\Users\013772631\Downloads\ecm-qa-test-main\app\Comum\Login\login.ts:23:29)
        at C:\Users\013772631\Downloads\ecm-qa-test-main\tests\FrontEnd\checkout.spec.ts:36:9

    Error Context: test-results\tests-FrontEnd-checkout-checkout-cheout-Authenticated-chromium\error-context.md
]]>
</failure>
</testcase>
<testcase name="checkout › cheout Unauthenticated" classname="tests\FrontEnd\checkout.spec.ts" time="1.431">
<system-out>
<![CDATA[Menssage recebida: 
 

[[ATTACHMENT|test-results\tests-FrontEnd-checkout-checkout-cheout-Unauthenticated-chromium\error-context.md]]
]]>
</system-out>
<failure message="expect(received).toBe(expected) // Object.is equality" type="expect.toBe">
<![CDATA[  [chromium] › tests\FrontEnd\checkout.spec.ts:129:9 › checkout › cheout Unauthenticated ───────────

    Error: expect(received).toBe(expected) // Object.is equality

    Expected: "Login successful"
    Received: ""

       at app\Comum\Login\login.ts:71

      69 |     const tempo = await page.locator('#msg').innerText({timeout:600});
      70 |     console.log('Menssage recebida: \n', tempo)
    > 71 |     await expect(tempo).toBe('Login successful');
         |                         ^
      72 |     await page.context().storageState({ path: 'Evidencias/login/localsotage/storageState.json' });
      73 |     await page.screenshot({path: "Evidencias/login/localsotage/LoginlocalstorageClicado.png"}); 
      74 |     //await page.close();
        at localStorageLogin (C:\Users\013772631\Downloads\ecm-qa-test-main\app\Comum\Login\login.ts:71:25)
        at C:\Users\013772631\Downloads\ecm-qa-test-main\tests\FrontEnd\checkout.spec.ts:133:9

    Error Context: test-results\tests-FrontEnd-checkout-checkout-cheout-Unauthenticated-chromium\error-context.md
]]>
</failure>
</testcase>
</testsuite>
<testsuite name="tests\FrontEnd\home.spec.ts" timestamp="2026-05-19T12:11:46.968Z" hostname="chromium" tests="2" failures="0" skipped="0" time="4.878" errors="0">
<testcase name="Login › Home Responsivo" classname="tests\FrontEnd\home.spec.ts" time="1.962">
<system-out>
<![CDATA[É responsivo! 

]]>
</system-out>
</testcase>
<testcase name="Login › Menu" classname="tests\FrontEnd\home.spec.ts" time="2.916">
<system-out>
<![CDATA[Todas as páginas estão funcionando! 

]]>
</system-out>
</testcase>
</testsuite>
<testsuite name="tests\FrontEnd\login.spec.ts" timestamp="2026-05-19T12:11:46.968Z" hostname="chromium" tests="6" failures="2" skipped="0" time="16.362" errors="0">
<testcase name="Login › login responsivo" classname="tests\FrontEnd\login.spec.ts" time="1.688">
<system-out>
<![CDATA[É responsivo! 

]]>
</system-out>
</testcase>
<testcase name="Login › Menu" classname="tests\FrontEnd\login.spec.ts" time="2.802">
<system-out>
<![CDATA[Todas as páginas estão funcionando! 

]]>
</system-out>
</testcase>
<testcase name="Login › login correto" classname="tests\FrontEnd\login.spec.ts" time="1.375">
<system-out>
<![CDATA[Menssage recebida: 
  

[[ATTACHMENT|test-results\tests-FrontEnd-login-Login-login-correto-chromium\error-context.md]]
]]>
</system-out>
<failure message="expect(received).toBe(expected) // Object.is equality" type="expect.toBe">
<![CDATA[  [chromium] › tests\FrontEnd\login.spec.ts:30:9 › Login › login correto ───────────────────────────

    Error: expect(received).toBe(expected) // Object.is equality

    Expected: "Login successful"
    Received: ""

       at app\Comum\Login\login.ts:23

      21 |         const tempo = await page.locator('#msg').innerText({timeout:600});
      22 |         console.log('Menssage recebida: \n ', tempo)
    > 23 |         await expect(tempo).toBe('Login successful');
         |                             ^
      24 |         //await page.locator('#btnLogin').click();
      25 |         await page.screenshot({path: "Evidencias/login/LoginProductsCorreto.png"});
      26 |     }
        at realizarLogin (C:\Users\013772631\Downloads\ecm-qa-test-main\app\Comum\Login\login.ts:23:29)
        at C:\Users\013772631\Downloads\ecm-qa-test-main\tests\FrontEnd\login.spec.ts:31:8

    Error Context: test-results\tests-FrontEnd-login-Login-login-correto-chromium\error-context.md
]]>
</failure>
</testcase>
<testcase name="Login › login usuario errado" classname="tests\FrontEnd\login.spec.ts" time="4.31">
<system-out>
<![CDATA[Menssage recebida:  Invalid credentials
]]>
</system-out>
</testcase>
<testcase name="Login › login password errado" classname="tests\FrontEnd\login.spec.ts" time="4.244">
<system-out>
<![CDATA[Menssage recebida:  Invalid credentials
]]>
</system-out>
</testcase>
<testcase name="Login › login localstorage" classname="tests\FrontEnd\login.spec.ts" time="1.943">
<system-out>
<![CDATA[Menssage recebida: 
 

[[ATTACHMENT|test-results\tests-FrontEnd-login-Login-login-localstorage-chromium\error-context.md]]
]]>
</system-out>
<failure message="expect(received).toBe(expected) // Object.is equality" type="expect.toBe">
<![CDATA[  [chromium] › tests\FrontEnd\login.spec.ts:67:5 › Login › login localstorage ──────────────────────

    Error: expect(received).toBe(expected) // Object.is equality

    Expected: "Login successful"
    Received: ""

       at app\Comum\Login\login.ts:71

      69 |     const tempo = await page.locator('#msg').innerText({timeout:600});
      70 |     console.log('Menssage recebida: \n', tempo)
    > 71 |     await expect(tempo).toBe('Login successful');
         |                         ^
      72 |     await page.context().storageState({ path: 'Evidencias/login/localsotage/storageState.json' });
      73 |     await page.screenshot({path: "Evidencias/login/localsotage/LoginlocalstorageClicado.png"}); 
      74 |     //await page.close();
        at localStorageLogin (C:\Users\013772631\Downloads\ecm-qa-test-main\app\Comum\Login\login.ts:71:25)
        at C:\Users\013772631\Downloads\ecm-qa-test-main\tests\FrontEnd\login.spec.ts:68:5

    Error Context: test-results\tests-FrontEnd-login-Login-login-localstorage-chromium\error-context.md
]]>
</failure>
</testcase>
</testsuite>
<testsuite name="tests\FrontEnd\products.spec.ts" timestamp="2026-05-19T12:11:46.968Z" hostname="chromium" tests="4" failures="1" skipped="0" time="11.556" errors="0">
<testcase name="Products › Products Responsivo" classname="tests\FrontEnd\products.spec.ts" time="4.308">
<system-out>
<![CDATA[É responsivo! 

]]>
</system-out>
</testcase>
<testcase name="Products › Menu" classname="tests\FrontEnd\products.spec.ts" time="2.609">
<system-out>
<![CDATA[Todas as páginas estão funcionando! 

]]>
</system-out>
</testcase>
<testcase name="Products › products pesquisa pelo nome completo correto" classname="tests\FrontEnd\products.spec.ts" time="2.161">
<system-out>
<![CDATA[Pesquisa com sucesso!
]]>
</system-out>
</testcase>
<testcase name="Products › products adicionar produto no carrinho" classname="tests\FrontEnd\products.spec.ts" time="2.478">
<system-out>
<![CDATA[
 O valor do cart é: 0
 

Antes: 
 {}
Depois: 
 {"cart":"[{\"id\":1,\"name\":\"Keyboard\",\"price\":120.9}]"}
Antes: 
 {}
Depois: 
 {"cart":"[{\"id\":1,\"name\":\"Keyboard\",\"price\":120.9},{\"id\":2,\"name\":\"Mouse\",\"price\":79.5}]"}
Antes: 
 {}
Depois: 
 {"cart":"[{\"id\":1,\"name\":\"Keyboard\",\"price\":120.9},{\"id\":2,\"name\":\"Mouse\",\"price\":79.5},{\"id\":3,\"name\":\"Monitor\",\"price\":1299}]"}
Antes: 
 {}
Depois: 
 {"cart":"[{\"id\":1,\"name\":\"Keyboard\",\"price\":120.9},{\"id\":2,\"name\":\"Mouse\",\"price\":79.5},{\"id\":3,\"name\":\"Monitor\",\"price\":1299},{\"id\":4,\"name\":\"Headset\",\"price\":240}]"}
Antes: 
 {}
Depois: 
 {"cart":"[{\"id\":1,\"name\":\"Keyboard\",\"price\":120.9},{\"id\":2,\"name\":\"Mouse\",\"price\":79.5},{\"id\":3,\"name\":\"Monitor\",\"price\":1299},{\"id\":4,\"name\":\"Headset\",\"price\":240},{\"id\":5,\"name\":\"Webcam\",\"price\":320}]"}
Todos os botões estão ativados 

Produto adicionado ao carrinho: ID: 1, Nome: Keyboard, Preço: R$120.9, Quantidade: 1
Produto adicionado ao carrinho: ID: 2, Nome: Mouse, Preço: R$79.5, Quantidade: 1
Produto adicionado ao carrinho: ID: 3, Nome: Monitor, Preço: R$1299, Quantidade: 1
Produto adicionado ao carrinho: ID: 4, Nome: Headset, Preço: R$240, Quantidade: 1
Produto adicionado ao carrinho: ID: 5, Nome: Webcam, Preço: R$320, Quantidade: 1

 O valor do cart é: 5

[[ATTACHMENT|test-results\tests-FrontEnd-products-Pr-f429f-icionar-produto-no-carrinho-chromium\error-context.md]]
]]>
</system-out>
<failure message="expect(received).toBe(expected) // Object.is equality" type="expect.toBe">
<![CDATA[  [chromium] › tests\FrontEnd\products.spec.ts:42:9 › Products › products adicionar produto no carrinho 

    Error: expect(received).toBe(expected) // Object.is equality

    Expected: "0"
    Received: "5"

      46 |         await page.reload();
      47 |         let valorCart = await page.locator('#cart-count').innerText();
    > 48 |         await expect(valorCart).toBe('0');
         |                                 ^
      49 |         console.log("\n O valor do carrinho depois do refresh é: ", valorCart);
      50 |     });
      51 |
        at C:\Users\013772631\Downloads\ecm-qa-test-main\tests\FrontEnd\products.spec.ts:48:33

    Error Context: test-results\tests-FrontEnd-products-Pr-f429f-icionar-produto-no-carrinho-chromium\error-context.md
]]>
</failure>
</testcase>
</testsuite>
</testsuites>